<?xml version="1.0" encoding="UTF-8"?>
<!-- Generated by org.testng.reporters.JUnitReportReporter -->
<testsuite hostname="DESKTOP-HT8QQFT" failures="0" tests="2" name="TestNG.example3_EmailableReport" time="0.049" errors="0" timestamp="2022-06-15T09:19:12 IST" skipped="0">
  <testcase classname="TestNG.example3_EmailableReport" name="TC2" time="0.035"/>
  <system-out>
    <![CDATA[Running TC2]]>
  </system-out>
  <testcase classname="TestNG.example3_EmailableReport" name="TC1" time="0.014"/>
  <system-out>
    <![CDATA[Running TC1]]>
  </system-out>
</testsuite> <!-- TestNG.example3_EmailableReport -->
