<?xml version="1.0" encoding="UTF-8"?>
<!-- Generated by org.testng.reporters.JUnitReportReporter -->
<testsuite hostname="DESKTOP-HT8QQFT" failures="0" tests="1" name="TestNG.examplee9_3_parallel2" time="22.261" errors="0" timestamp="2022-06-15T10:26:45 IST" skipped="0">
  <testcase classname="TestNG.examplee9_3_parallel2" name="OpenFacebookApp" time="22.261"/>
  <system-out/>
</testsuite> <!-- TestNG.examplee9_3_parallel2 -->
