<?xml version="1.0" encoding="UTF-8"?>
<!-- Generated by org.testng.reporters.JUnitReportReporter -->
<testsuite hostname="DESKTOP-HT8QQFT" failures="0" tests="3" name="TestNG.example6_sample1" time="0.020" errors="0" timestamp="2022-03-30T16:55:53 IST" skipped="0">
  <testcase classname="TestNG.example6_sample1" name="TC3" time="0.003"/>
  <system-out>
    <![CDATA[running TC3]]>
  </system-out>
  <testcase classname="TestNG.example6_sample1" name="TC1" time="0.015"/>
  <system-out>
    <![CDATA[running TC1 ]]>
  </system-out>
  <testcase classname="TestNG.example6_sample1" name="TC2" time="0.002"/>
  <system-out>
    <![CDATA[running TC2 ]]>
  </system-out>
</testsuite> <!-- TestNG.example6_sample1 -->
