<?xml version="1.0" encoding="UTF-8"?>
<!-- Generated by org.testng.reporters.JUnitReportReporter -->
<testsuite hostname="DESKTOP-HT8QQFT" failures="0" tests="1" name="TestNG.examplew_Parallel" time="38.434" errors="0" timestamp="2022-06-15T10:26:45 IST" skipped="0">
  <testcase classname="TestNG.examplew_Parallel" name="OpenKiteApp" time="38.434"/>
  <system-out/>
</testsuite> <!-- TestNG.examplew_Parallel -->
