<?xml version="1.0" encoding="UTF-8"?>
<!-- Generated by org.testng.reporters.JUnitReportReporter -->
<testsuite hostname="DESKTOP-HT8QQFT" failures="0" tests="4" name="TestNG1.Day2" time="0.008" errors="0" timestamp="2022-03-21T17:25:41 IST" skipped="0">
  <testcase classname="TestNG1.Day2" name="login7" time="0.003"/>
  <system-out>
    <![CDATA[running login7]]>
  </system-out>
  <testcase classname="TestNG1.Day2" name="logout" time="0.001"/>
  <system-out>
    <![CDATA[running TC5]]>
  </system-out>
  <testcase classname="TestNG1.Day2" name="profile2" time="0.002"/>
  <system-out>
    <![CDATA[running profile2]]>
  </system-out>
  <testcase classname="TestNG1.Day2" name="login6" time="0.002"/>
  <system-out>
    <![CDATA[running login6]]>
  </system-out>
</testsuite> <!-- TestNG1.Day2 -->
