<?xml version="1.0" encoding="UTF-8"?>
<!-- Generated by org.testng.reporters.JUnitReportReporter -->
<testsuite hostname="DESKTOP-HT8QQFT" failures="0" tests="3" name="TestNG.example8_DisableTCExecutionFrom_TestSuite" time="0.021" errors="0" timestamp="2022-06-15T10:05:01 IST" skipped="0">
  <testcase classname="TestNG.example8_DisableTCExecutionFrom_TestSuite" name="TC2" time="0.003"/>
  <system-out>
    <![CDATA[running TC2]]>
  </system-out>
  <testcase classname="TestNG.example8_DisableTCExecutionFrom_TestSuite" name="TC1" time="0.014"/>
  <system-out>
    <![CDATA[running TC1]]>
  </system-out>
  <testcase classname="TestNG.example8_DisableTCExecutionFrom_TestSuite" name="TC3" time="0.004"/>
  <system-out>
    <![CDATA[running TC3]]>
  </system-out>
</testsuite> <!-- TestNG.example8_DisableTCExecutionFrom_TestSuite -->
