<?xml version="1.0" encoding="UTF-8"?>
<!-- Generated by org.testng.reporters.JUnitReportReporter -->
<testsuite hostname="DESKTOP-HT8QQFT" failures="0" tests="3" name="TestNG.example5_keyword1_invocationCount" time="0.028" errors="0" timestamp="2022-06-15T09:31:21 IST" skipped="0">
  <testcase classname="TestNG.example5_keyword1_invocationCount" name="TC1" time="0.004"/>
  <system-out>
    <![CDATA[running TC1]]>
  </system-out>
  <testcase classname="TestNG.example5_keyword1_invocationCount" name="TC1" time="0.007"/>
  <system-out>
    <![CDATA[running TC1]]>
  </system-out>
  <testcase classname="TestNG.example5_keyword1_invocationCount" name="TC1" time="0.017"/>
  <system-out>
    <![CDATA[running TC1]]>
  </system-out>
</testsuite> <!-- TestNG.example5_keyword1_invocationCount -->
