<?xml version="1.0" encoding="UTF-8"?>
<!-- Generated by org.testng.reporters.JUnitReportReporter -->
<testsuite hostname="DESKTOP-HT8QQFT" failures="0" tests="3" name="TestNG.example8_DisableTCExecutionFrom_TestClass" time="0.026" errors="0" timestamp="2022-06-15T10:04:10 IST" skipped="2">
  <testcase classname="TestNG.example8_DisableTCExecutionFrom_TestClass" name="TC3" time="0.003">
    <skipped/>
  </testcase> <!-- TC3 -->
  <system-out>
    <![CDATA[running TC3]]>
  </system-out>
  <testcase classname="TestNG.example8_DisableTCExecutionFrom_TestClass" name="TC1" time="0.023"/>
  <system-out>
    <![CDATA[running TC1]]>
  </system-out>
  <testcase classname="TestNG.example8_DisableTCExecutionFrom_TestClass" name="TC2">
    <skipped/>
  </testcase> <!-- TC2 -->
  <system-out/>
</testsuite> <!-- TestNG.example8_DisableTCExecutionFrom_TestClass -->
