<?xml version="1.0" encoding="UTF-8"?>
<!-- Generated by org.testng.reporters.JUnitReportReporter -->
<testsuite hostname="DESKTOP-HT8QQFT" failures="0" tests="6" name="TestNG1.Day1" time="0.047" errors="0" timestamp="2022-03-21T17:25:41 IST" skipped="0">
  <testcase classname="TestNG1.Day1" name="login4" time="0.005"/>
  <system-out>
    <![CDATA[running login4]]>
  </system-out>
  <testcase classname="TestNG1.Day1" name="login1" time="0.025"/>
  <system-out>
    <![CDATA[running login1]]>
  </system-out>
  <testcase classname="TestNG1.Day1" name="login5" time="0.003"/>
  <system-out>
    <![CDATA[running login5]]>
  </system-out>
  <testcase classname="TestNG1.Day1" name="login3" time="0.002"/>
  <system-out>
    <![CDATA[running login3]]>
  </system-out>
  <testcase classname="TestNG1.Day1" name="profile" time="0.004"/>
  <system-out>
    <![CDATA[running profile]]>
  </system-out>
  <testcase classname="TestNG1.Day1" name="login2" time="0.008"/>
  <system-out>
    <![CDATA[running login2]]>
  </system-out>
</testsuite> <!-- TestNG1.Day1 -->
