<?xml version="1.0" encoding="UTF-8"?>
<!-- Generated by org.testng.reporters.JUnitReportReporter -->
<testsuite hostname="DESKTOP-HT8QQFT" failures="0" tests="6" name="TestNG.example5_keyword3_Priority1" time="0.047" errors="0" timestamp="2022-06-15T09:41:59 IST" skipped="0">
  <testcase classname="TestNG.example5_keyword3_Priority1" name="TC5" time="0.003"/>
  <system-out>
    <![CDATA[running TC5]]>
  </system-out>
  <testcase classname="TestNG.example5_keyword3_Priority1" name="TC4" time="0.015"/>
  <system-out>
    <![CDATA[running TC4]]>
  </system-out>
  <testcase classname="TestNG.example5_keyword3_Priority1" name="TC6" time="0.007"/>
  <system-out>
    <![CDATA[running TC6]]>
  </system-out>
  <testcase classname="TestNG.example5_keyword3_Priority1" name="TC2" time="0.004"/>
  <system-out>
    <![CDATA[running TC2]]>
  </system-out>
  <testcase classname="TestNG.example5_keyword3_Priority1" name="TC3" time="0.004"/>
  <system-out>
    <![CDATA[running TC3]]>
  </system-out>
  <testcase classname="TestNG.example5_keyword3_Priority1" name="TC1" time="0.014"/>
  <system-out>
    <![CDATA[running TC1]]>
  </system-out>
</testsuite> <!-- TestNG.example5_keyword3_Priority1 -->
