<?xml version="1.0" encoding="UTF-8"?>
<!-- Generated by org.testng.reporters.JUnitReportReporter -->
<testsuite hostname="DESKTOP-HT8QQFT" failures="0" tests="2" name="TestNG.example4_Annotationz" time="0.012" errors="0" timestamp="2022-06-15T09:26:42 IST" skipped="0">
  <testcase classname="TestNG.example4_Annotationz" name="verifyUserID" time="0.009"/>
  <system-out>
    <![CDATA[----Running verifyUserID TC--]]>
  </system-out>
  <testcase classname="TestNG.example4_Annotationz" name="verifyUserID1" time="0.003"/>
  <system-out>
    <![CDATA[--Running verifyUserID1 TC--]]>
  </system-out>
</testsuite> <!-- TestNG.example4_Annotationz -->
