<?xml version="1.0" encoding="UTF-8"?>
<!-- Generated by org.testng.reporters.JUnitReportReporter -->
<testsuite hostname="DESKTOP-HT8QQFT" failures="0" tests="1" name="POM_DDF_TestNG_BaseClass_UtilityClass_FailedTCes_Screenshots_PropertyFile.KiteLoginTest" time="5.015" errors="0" timestamp="2022-03-25T16:54:47 IST" skipped="0">
  <testcase classname="POM_DDF_TestNG_BaseClass_UtilityClass_FailedTCes_Screenshots_PropertyFile.KiteLoginTest" name="VerifyUserID" time="5.015"/>
  <system-out/>
</testsuite> <!-- POM_DDF_TestNG_BaseClass_UtilityClass_FailedTCes_Screenshots_PropertyFile.KiteLoginTest -->
