<?xml version="1.0" encoding="UTF-8"?>
<!-- Generated by org.testng.reporters.JUnitReportReporter -->
<testsuite hostname="DESKTOP-HT8QQFT" failures="0" tests="3" name="TestNG.examplex_multibrowserTesting" time="78.805" errors="0" timestamp="2022-06-15T11:57:11 IST" skipped="0">
  <testcase classname="TestNG.examplex_multibrowserTesting" name="TC1" time="22.121"/>
  <system-out/>
  <testcase classname="TestNG.examplex_multibrowserTesting" name="TC1" time="24.549"/>
  <system-out/>
  <testcase classname="TestNG.examplex_multibrowserTesting" name="TC1" time="32.135"/>
  <system-out/>
</testsuite> <!-- TestNG.examplex_multibrowserTesting -->
