<?xml version="1.0" encoding="UTF-8"?>
<!-- Generated by org.testng.reporters.JUnitReportReporter -->
<testsuite hostname="DESKTOP-HT8QQFT" failures="0" tests="2" name="TestNG.example4_Annotations" time="0.029" errors="0" timestamp="2022-06-15T09:22:24 IST" skipped="0">
  <testcase classname="TestNG.example4_Annotations" name="verifyUserID" time="0.021"/>
  <system-out>
    <![CDATA[----Running verifyUserID TC--]]>
  </system-out>
  <testcase classname="TestNG.example4_Annotations" name="verifyUserID1" time="0.008"/>
  <system-out>
    <![CDATA[--Running verifyUserID1 TC--]]>
  </system-out>
</testsuite> <!-- TestNG.example4_Annotations -->
