<?xml version="1.0" encoding="UTF-8"?>
<!-- Generated by org.testng.reporters.JUnitReportReporter -->
<testsuite hostname="DESKTOP-HT8QQFT" failures="0" tests="2" name="TestNG.exxample4_1Annotation" time="0.024" errors="0" timestamp="2022-03-16T15:24:06 IST" skipped="0">
  <testcase classname="TestNG.exxample4_1Annotation" name="verifyUserID1" time="0.013"/>
  <system-out>
    <![CDATA[--Running verifyUserID1 TC--]]>
  </system-out>
  <testcase classname="TestNG.exxample4_1Annotation" name="verifyUserID" time="0.011"/>
  <system-out>
    <![CDATA[----Running verifyUserID TC--]]>
  </system-out>
</testsuite> <!-- TestNG.exxample4_1Annotation -->
