<?xml version="1.0" encoding="UTF-8"?>
<!-- Generated by org.testng.reporters.JUnitReportReporter -->
<testsuite hostname="DESKTOP-HT8QQFT" failures="0" tests="1" name="TestNG.example2_TestNG_TestClass" time="15.420" errors="0" timestamp="2022-03-16T14:45:32 IST" skipped="0">
  <testcase classname="TestNG.example2_TestNG_TestClass" name="openBrowser" time="15.420"/>
  <system-out/>
</testsuite> <!-- TestNG.example2_TestNG_TestClass -->
