<?xml version="1.0" encoding="UTF-8"?>
<!-- Generated by org.testng.reporters.JUnitReportReporter -->
<testsuite hostname="DESKTOP-HT8QQFT" failures="0" tests="1" name="POM_With_DDF_TestNG.KiteLoginTest" time="3.814" errors="0" timestamp="2022-03-23T11:20:18 IST" skipped="0">
  <testcase classname="POM_With_DDF_TestNG.KiteLoginTest" name="VerifyUserID" time="3.814"/>
  <system-out/>
</testsuite> <!-- POM_With_DDF_TestNG.KiteLoginTest -->
