<?xml version="1.0" encoding="UTF-8"?>
<!-- Generated by org.testng.reporters.JUnitReportReporter -->
<testsuite hostname="DESKTOP-HT8QQFT" failures="0" tests="2" name="TestNG1.Day3" time="0.003" errors="0" timestamp="2022-03-21T17:25:41 IST" skipped="0">
  <testcase classname="TestNG1.Day3" name="Logout" time="0.001"/>
  <system-out>
    <![CDATA[running logout]]>
  </system-out>
  <testcase classname="TestNG1.Day3" name="account" time="0.002"/>
  <system-out>
    <![CDATA[running account]]>
  </system-out>
</testsuite> <!-- TestNG1.Day3 -->
