<?xml version="1.0" encoding="UTF-8"?>
<!-- Generated by org.testng.reporters.JUnitReportReporter -->
<testsuite hostname="DESKTOP-HT8QQFT" failures="0" tests="3" name="TestNG.example5_keyword2_Enabled" time="0.019" errors="0" timestamp="2022-06-15T09:31:50 IST" skipped="1">
  <testcase classname="TestNG.example5_keyword2_Enabled" name="TC3" time="0.004"/>
  <system-out>
    <![CDATA[running TC3]]>
  </system-out>
  <testcase classname="TestNG.example5_keyword2_Enabled" name="TC1" time="0.015"/>
  <system-out>
    <![CDATA[running TC1]]>
  </system-out>
  <testcase classname="TestNG.example5_keyword2_Enabled" name="TC2">
    <skipped/>
  </testcase> <!-- TC2 -->
  <system-out/>
</testsuite> <!-- TestNG.example5_keyword2_Enabled -->
