<?xml version="1.0" encoding="UTF-8"?>
<!-- Generated by org.testng.reporters.JUnitReportReporter -->
<testsuite hostname="DESKTOP-HT8QQFT" failures="0" tests="2" name="TestNG.example5_Keyword5_dependsOnMethod1" time="0.019" errors="0" timestamp="2022-06-15T09:43:05 IST" skipped="0">
  <testcase classname="TestNG.example5_Keyword5_dependsOnMethod1" name="logout" time="0.003"/>
  <system-out>
    <![CDATA[Running logoutTC]]>
  </system-out>
  <testcase classname="TestNG.example5_Keyword5_dependsOnMethod1" name="login" time="0.016"/>
  <system-out>
    <![CDATA[Running LoginTC]]>
  </system-out>
</testsuite> <!-- TestNG.example5_Keyword5_dependsOnMethod1 -->
