<?xml version="1.0" encoding="UTF-8"?>
<!-- Generated by org.testng.reporters.JUnitReportReporter -->
<testsuite hostname="DESKTOP-HT8QQFT" failures="0" tests="2" name="TestNG.examplee9_1_grouping1" time="0.019" errors="0" timestamp="2022-06-15T10:13:39 IST" skipped="0">
  <testcase classname="TestNG.examplee9_1_grouping1" name="TC2" time="0.002"/>
  <system-out>
    <![CDATA[running TC2]]>
  </system-out>
  <testcase classname="TestNG.examplee9_1_grouping1" name="TC1" time="0.017"/>
  <system-out>
    <![CDATA[running TC1]]>
  </system-out>
</testsuite> <!-- TestNG.examplee9_1_grouping1 -->
