<?xml version="1.0" encoding="UTF-8"?>
<!-- Generated by org.testng.reporters.JUnitReportReporter -->
<testsuite hostname="DESKTOP-HT8QQFT" failures="0" tests="3" name="TestNG.example8_ExcludeMultipleTestCases" time="0.018" errors="0" timestamp="2022-06-15T10:06:02 IST" skipped="0">
  <testcase classname="TestNG.example8_ExcludeMultipleTestCases" name="profile2" time="0.002"/>
  <system-out>
    <![CDATA[running profile2]]>
  </system-out>
  <testcase classname="TestNG.example8_ExcludeMultipleTestCases" name="profile" time="0.002"/>
  <system-out>
    <![CDATA[running profile]]>
  </system-out>
  <testcase classname="TestNG.example8_ExcludeMultipleTestCases" name="logout" time="0.014"/>
  <system-out>
    <![CDATA[running TC5]]>
  </system-out>
</testsuite> <!-- TestNG.example8_ExcludeMultipleTestCases -->
