<?xml version="1.0" encoding="UTF-8"?>
<!-- Generated by org.testng.reporters.JUnitReportReporter -->
<testsuite hostname="DESKTOP-HT8QQFT" failures="0" tests="3" name="TestNG.ParameterizationUsingDatProvider" time="50.073" errors="0" timestamp="2022-06-15T12:07:54 IST" skipped="0">
  <testcase classname="TestNG.ParameterizationUsingDatProvider" name="paramByDataProvider" time="14.949"/>
  <system-out/>
  <testcase classname="TestNG.ParameterizationUsingDatProvider" name="paramByDataProvider" time="19.724"/>
  <system-out/>
  <testcase classname="TestNG.ParameterizationUsingDatProvider" name="paramByDataProvider" time="15.400"/>
  <system-out/>
</testsuite> <!-- TestNG.ParameterizationUsingDatProvider -->
