<?xml version="1.0" encoding="UTF-8"?>
<!-- Generated by org.testng.reporters.JUnitReportReporter -->
<testsuite hostname="DESKTOP-HT8QQFT" failures="0" tests="3" name="TestNG.ParameterizationUsingParametersAnnotation" time="31.309" errors="0" timestamp="2022-06-15T12:35:54 IST" skipped="0">
  <testcase classname="TestNG.ParameterizationUsingParametersAnnotation" name="Parameterising" time="10.127"/>
  <system-out/>
  <testcase classname="TestNG.ParameterizationUsingParametersAnnotation" name="Parameterising" time="11.694"/>
  <system-out/>
  <testcase classname="TestNG.ParameterizationUsingParametersAnnotation" name="Parameterising" time="9.488"/>
  <system-out/>
</testsuite> <!-- TestNG.ParameterizationUsingParametersAnnotation -->
